
> @odisea/webmail@0.1.0 build C:\Users\huanc\Downloads\cloudhost\apps\webmail
> next build

  ▲ Next.js 14.2.15

   Creating an optimized production build ...
 ✓ Compiled successfully
   Linting and checking validity of types ...
   Collecting page data ...
   Generating static pages (0/20) ...
   Generating static pages (5/20) 
   Generating static pages (10/20) 
   Generating static pages (15/20) 
 ✓ Generating static pages (20/20)
   Finalizing page optimization ...
   Collecting build traces ...

Route (app)                              Size     First Load JS
┌ ƒ /                                    138 B          87.3 kB
├ ○ /_not-found                          872 B            88 kB
├ ƒ /api/auth/login                      0 B                0 B
├ ƒ /api/auth/logout                     0 B                0 B
├ ƒ /api/auth/sso                        0 B                0 B
├ ƒ /api/folders                         0 B                0 B
├ ƒ /api/me                              0 B                0 B
├ ƒ /api/messages                        0 B                0 B
├ ƒ /api/messages/[messageId]            0 B                0 B
├ ƒ /api/messages/[messageId]/move       0 B                0 B
├ ƒ /api/messages/[messageId]/read       0 B                0 B
├ ƒ /api/messages/[messageId]/star       0 B                0 B
├ ○ /auth/sso                            1.5 kB         95.5 kB
├ ○ /compose                             2.58 kB         104 kB
├ ○ /drafts                              2.24 kB         103 kB
├ ○ /inbox                               2.92 kB         104 kB
├ ○ /login                               2.85 kB          90 kB
├ ○ /logout                              1.17 kB        88.3 kB
├ ƒ /message/[messageId]                 1.02 kB         102 kB
├ ○ /sent                                2.77 kB         104 kB
├ ○ /settings                            768 B           102 kB
├ ○ /starred                             2.9 kB          104 kB
└ ○ /trash                               2.8 kB          104 kB
+ First Load JS shared by all            87.1 kB
  ├ chunks/796-c1b8ac14a9f8cccb.js       31.6 kB
  ├ chunks/b4553ad9-f8f88a528c435056.js  53.6 kB
  └ other shared chunks (total)          1.9 kB


○  (Static)   prerendered as static content
ƒ  (Dynamic)  server-rendered on demand

