
> @odisea/odin-panel@0.1.0 build C:\Users\huanc\Downloads\cloudhost\apps\odin-panel
> next build

  ▲ Next.js 14.2.15

   Creating an optimized production build ...
 ✓ Compiled successfully
   Linting and checking validity of types ...
   Collecting page data ...
   Generating static pages (0/24) ...
   Generating static pages (6/24) 
   Generating static pages (12/24) 
   Generating static pages (18/24) 
 ✓ Generating static pages (24/24)
   Finalizing page optimization ...
   Collecting build traces ...

Route (app)                              Size     First Load JS
┌ ○ /                                    4.84 kB         108 kB
├ ○ /_not-found                          872 B            88 kB
├ ○ /accounts                            3.27 kB         106 kB
├ ○ /accounts/create                     4.82 kB         122 kB
├ ○ /advanced/cron                       2.21 kB        89.3 kB
├ ○ /advanced/terminal                   1.82 kB        88.9 kB
├ ○ /auth/impersonate                    4.58 kB        91.7 kB
├ ○ /auth/login                          4.2 kB         91.3 kB
├ ○ /databases                           5.6 kB          102 kB
├ ○ /databases/wizard                    5.89 kB        96.3 kB
├ ○ /domains                             5.89 kB         102 kB
├ ƒ /domains/[id]                        5.7 kB          102 kB
├ ○ /domains/subdomains                  5.37 kB         101 kB
├ ○ /domains/zone-editor                 2.93 kB         106 kB
├ ○ /email/accounts                      3.91 kB         127 kB
├ ƒ /email/accounts/[accountId]/mailbox  3.01 kB         126 kB
├ ƒ /email/accounts/[accountId]/webmail  5.56 kB         129 kB
├ ○ /email/accounts/create               3.89 kB         127 kB
├ ○ /files                               7.89 kB         104 kB
├ ○ /nodejs                              6.36 kB         102 kB
├ ○ /php                                 6.07 kB         102 kB
├ ○ /python                              6.29 kB         102 kB
├ ○ /security/ssh                        4.21 kB         100 kB
├ ○ /security/ssl                        5.23 kB         101 kB
├ ○ /wordpress                           7.54 kB         110 kB
└ ƒ /wordpress/[id]                      5.28 kB        99.2 kB
+ First Load JS shared by all            87.1 kB
  ├ chunks/796-d71113a395740efc.js       31.6 kB
  ├ chunks/b4553ad9-c44c83b6f477414f.js  53.6 kB
  └ other shared chunks (total)          1.9 kB


○  (Static)   prerendered as static content
ƒ  (Dynamic)  server-rendered on demand

