
> @odisea/whm@0.1.0 build C:\Users\huanc\Downloads\cloudhost\apps\whm
> next build

  ▲ Next.js 14.2.15
  - Environments: .env.local

   Creating an optimized production build ...
 ✓ Compiled successfully
   Linting and checking validity of types ...
   Collecting page data ...
   Generating static pages (0/18) ...
   Generating static pages (4/18) 
   Generating static pages (8/18) 
   Generating static pages (13/18) 
 ✓ Generating static pages (18/18)
   Finalizing page optimization ...
   Collecting build traces ...

Route (app)                              Size     First Load JS
┌ ○ /                                    2.51 kB         102 kB
├ ○ /_not-found                          872 B            88 kB
├ ○ /auth/login                          4.81 kB         112 kB
├ ○ /whm                                 8.02 kB         123 kB
├ ○ /whm/accounts                        6.08 kB         132 kB
├ ○ /whm/accounts/create                 7.52 kB         123 kB
├ ○ /whm/config                          5.12 kB         124 kB
├ ○ /whm/config/basic-setup              4.64 kB         111 kB
├ ○ /whm/databases                       4.3 kB          124 kB
├ ○ /whm/domains                         3.64 kB         119 kB
├ ƒ /whm/domains/[id]                    4.48 kB         100 kB
├ ○ /whm/migrations                      4.84 kB         124 kB
├ ○ /whm/monitoring                      5.81 kB         125 kB
├ ○ /whm/php                             4.45 kB         124 kB
├ ○ /whm/plans                           5.32 kB         125 kB
├ ○ /whm/plans/resellers                 4.76 kB         105 kB
└ ○ /whm/ssl                             3.84 kB         123 kB
+ First Load JS shared by all            87.1 kB
  ├ chunks/796-9b4454bd4180ffbb.js       31.6 kB
  ├ chunks/b4553ad9-0280e30c57b01d1a.js  53.6 kB
  └ other shared chunks (total)          1.9 kB


○  (Static)   prerendered as static content
ƒ  (Dynamic)  server-rendered on demand

